2026-06-27 21:12:11 | INFO     | __main__ | ============================================================
2026-06-27 21:12:11 | INFO     | __main__ | PHASE 4 — Training All Experiments
2026-06-27 21:12:11 | INFO     | __main__ | Device: mps
2026-06-27 21:12:11 | INFO     | __main__ | Experiments: 3 variants × 3 hidden sizes = 9 runs
2026-06-27 21:12:11 | INFO     | __main__ | ============================================================
2026-06-27 21:12:11 | INFO     | datasets.dataloader | Loading split DataFrames...
2026-06-27 21:12:11 | INFO     | datasets.dataloader | Split sizes — train: 412 | val: 88 | test: 89 | full: 589
2026-06-27 21:12:11 | INFO     | datasets.dataloader | Loaded embedding index: 589 entries.
2026-06-27 21:12:11 | INFO     | datasets.dataloader | Building datasets...
2026-06-27 21:12:12 | INFO     | datasets.stock_dataset | Dataset built: 382 valid samples | excluded 30 (no history) | 0 (no embedding)
2026-06-27 21:12:12 | INFO     | datasets.stock_dataset | Dataset built: 88 valid samples | excluded 0 (no history) | 0 (no embedding)
2026-06-27 21:12:12 | INFO     | datasets.stock_dataset | Dataset built: 89 valid samples | excluded 0 (no history) | 0 (no embedding)
2026-06-27 21:12:12 | INFO     | datasets.dataloader | Dataset sizes — train: 382 | val: 88 | test: 89
2026-06-27 21:12:12 | INFO     | datasets.dataloader | DataLoaders ready — batch_size=32 | train_batches=12 | val_batches=3 | test_batches=3
2026-06-27 21:12:12 | INFO     | __main__ | Class weights loaded: [1.0899471044540405, 0.9237667918205261]
2026-06-27 21:12:12 | INFO     | training.experiment | =======================================================
2026-06-27 21:12:12 | INFO     | training.experiment | EXPERIMENT: price_only_h64
2026-06-27 21:12:12 | INFO     | training.experiment | =======================================================
2026-06-27 21:12:12 | INFO     | training.trainer | Starting training: price_only_h64 | device=mps | params=62082
2026-06-27 21:12:14 | INFO     | training.trainer | [price_only_h64] Epoch   1 | train_loss=0.6952 | val_loss=0.6945 | val_acc=0.5000 | lr=1.00e-03
2026-06-27 21:12:14 | INFO     | training.trainer |   ✓ New best checkpoint saved (val_loss=0.6945)
2026-06-27 21:12:15 | INFO     | training.trainer | [price_only_h64] Epoch   2 | train_loss=0.6955 | val_loss=0.6970 | val_acc=0.4432 | lr=1.00e-03
2026-06-27 21:12:15 | INFO     | training.trainer | [price_only_h64] Epoch   3 | train_loss=0.6924 | val_loss=0.7074 | val_acc=0.3864 | lr=1.00e-03
2026-06-27 21:12:15 | INFO     | training.trainer | [price_only_h64] Epoch   4 | train_loss=0.6920 | val_loss=0.7012 | val_acc=0.3864 | lr=1.00e-03
2026-06-27 21:12:15 | INFO     | training.trainer | [price_only_h64] Epoch   5 | train_loss=0.6904 | val_loss=0.7096 | val_acc=0.3864 | lr=1.00e-03
2026-06-27 21:12:16 | INFO     | training.trainer | [price_only_h64] Epoch   6 | train_loss=0.6899 | val_loss=0.7014 | val_acc=0.3864 | lr=1.00e-03
2026-06-27 21:12:16 | INFO     | training.trainer | [price_only_h64] Epoch   7 | train_loss=0.6918 | val_loss=0.7109 | val_acc=0.3864 | lr=1.00e-03
2026-06-27 21:12:16 | INFO     | training.trainer | [price_only_h64] Epoch   8 | train_loss=0.6889 | val_loss=0.7148 | val_acc=0.3864 | lr=5.00e-04
2026-06-27 21:12:16 | INFO     | training.trainer | [price_only_h64] Epoch   9 | train_loss=0.6882 | val_loss=0.7049 | val_acc=0.3864 | lr=5.00e-04
2026-06-27 21:12:17 | INFO     | training.trainer | [price_only_h64] Epoch  10 | train_loss=0.6867 | val_loss=0.7017 | val_acc=0.3750 | lr=5.00e-04
2026-06-27 21:12:17 | INFO     | training.trainer | [price_only_h64] Epoch  11 | train_loss=0.6864 | val_loss=0.7049 | val_acc=0.3864 | lr=5.00e-04
2026-06-27 21:12:17 | INFO     | training.trainer | [price_only_h64] Epoch  12 | train_loss=0.6881 | val_loss=0.7210 | val_acc=0.3864 | lr=5.00e-04
2026-06-27 21:12:17 | INFO     | training.trainer | [price_only_h64] Epoch  13 | train_loss=0.6883 | val_loss=0.6956 | val_acc=0.4318 | lr=5.00e-04
2026-06-27 21:12:18 | INFO     | training.trainer | [price_only_h64] Epoch  14 | train_loss=0.6849 | val_loss=0.6968 | val_acc=0.4091 | lr=2.50e-04
2026-06-27 21:12:18 | INFO     | training.trainer | [price_only_h64] Epoch  15 | train_loss=0.6824 | val_loss=0.7003 | val_acc=0.3864 | lr=2.50e-04
2026-06-27 21:12:19 | INFO     | training.trainer | [price_only_h64] Epoch  16 | train_loss=0.6844 | val_loss=0.7074 | val_acc=0.3864 | lr=2.50e-04
2026-06-27 21:12:19 | INFO     | training.trainer | [price_only_h64] Early stopping at epoch 16 (no improvement for 15 epochs).
2026-06-27 21:12:19 | INFO     | training.trainer | [price_only_h64] Training complete. Best val_loss=0.6945 at epoch 1.
2026-06-27 21:12:19 | INFO     | training.experiment | DONE price_only_h64 | best_epoch=1 | val_loss=0.6945 | val_acc=0.5000 | params=62082
2026-06-27 21:12:19 | INFO     | training.experiment | =======================================================
2026-06-27 21:12:19 | INFO     | training.experiment | EXPERIMENT: price_only_h128
2026-06-27 21:12:19 | INFO     | training.experiment | =======================================================
2026-06-27 21:12:19 | INFO     | training.trainer | Starting training: price_only_h128 | device=mps | params=222082
2026-06-27 21:12:19 | INFO     | training.trainer | [price_only_h128] Epoch   1 | train_loss=0.6946 | val_loss=0.6886 | val_acc=0.6136 | lr=1.00e-03
2026-06-27 21:12:19 | INFO     | training.trainer |   ✓ New best checkpoint saved (val_loss=0.6886)
2026-06-27 21:12:20 | INFO     | training.trainer | [price_only_h128] Epoch   2 | train_loss=0.6939 | val_loss=0.6973 | val_acc=0.3864 | lr=1.00e-03
2026-06-27 21:12:20 | INFO     | training.trainer | [price_only_h128] Epoch   3 | train_loss=0.6941 | val_loss=0.6992 | val_acc=0.3864 | lr=1.00e-03
2026-06-27 21:12:20 | INFO     | training.trainer | [price_only_h128] Epoch   4 | train_loss=0.6929 | val_loss=0.7054 | val_acc=0.3864 | lr=1.00e-03
2026-06-27 21:12:20 | INFO     | training.trainer | [price_only_h128] Epoch   5 | train_loss=0.6905 | val_loss=0.7255 | val_acc=0.3864 | lr=1.00e-03
2026-06-27 21:12:21 | INFO     | training.trainer | [price_only_h128] Epoch   6 | train_loss=0.6914 | val_loss=0.7005 | val_acc=0.3864 | lr=1.00e-03
2026-06-27 21:12:21 | INFO     | training.trainer | [price_only_h128] Epoch   7 | train_loss=0.6896 | val_loss=0.7102 | val_acc=0.3864 | lr=1.00e-03
2026-06-27 21:12:21 | INFO     | training.trainer | [price_only_h128] Epoch   8 | train_loss=0.6854 | val_loss=0.7089 | val_acc=0.3864 | lr=5.00e-04
2026-06-27 21:12:21 | INFO     | training.trainer | [price_only_h128] Epoch   9 | train_loss=0.6924 | val_loss=0.7319 | val_acc=0.3864 | lr=5.00e-04
2026-06-27 21:12:22 | INFO     | training.trainer | [price_only_h128] Epoch  10 | train_loss=0.6903 | val_loss=0.6963 | val_acc=0.3636 | lr=5.00e-04
2026-06-27 21:12:22 | INFO     | training.trainer | [price_only_h128] Epoch  11 | train_loss=0.6919 | val_loss=0.7003 | val_acc=0.3864 | lr=5.00e-04
2026-06-27 21:12:22 | INFO     | training.trainer | [price_only_h128] Epoch  12 | train_loss=0.6890 | val_loss=0.7015 | val_acc=0.3864 | lr=5.00e-04
2026-06-27 21:12:23 | INFO     | training.trainer | [price_only_h128] Epoch  13 | train_loss=0.6892 | val_loss=0.7086 | val_acc=0.3864 | lr=5.00e-04
2026-06-27 21:12:23 | INFO     | training.trainer | [price_only_h128] Epoch  14 | train_loss=0.6870 | val_loss=0.7112 | val_acc=0.3864 | lr=2.50e-04
2026-06-27 21:12:23 | INFO     | training.trainer | [price_only_h128] Epoch  15 | train_loss=0.6899 | val_loss=0.7044 | val_acc=0.3864 | lr=2.50e-04
2026-06-27 21:12:23 | INFO     | training.trainer | [price_only_h128] Epoch  16 | train_loss=0.6868 | val_loss=0.7061 | val_acc=0.3864 | lr=2.50e-04
2026-06-27 21:12:23 | INFO     | training.trainer | [price_only_h128] Early stopping at epoch 16 (no improvement for 15 epochs).
2026-06-27 21:12:23 | INFO     | training.trainer | [price_only_h128] Training complete. Best val_loss=0.6886 at epoch 1.
2026-06-27 21:12:23 | INFO     | training.experiment | DONE price_only_h128 | best_epoch=1 | val_loss=0.6886 | val_acc=0.6136 | params=222082
2026-06-27 21:12:23 | INFO     | training.experiment | =======================================================
2026-06-27 21:12:23 | INFO     | training.experiment | EXPERIMENT: price_only_h256
2026-06-27 21:12:23 | INFO     | training.experiment | =======================================================
2026-06-27 21:12:23 | INFO     | training.trainer | Starting training: price_only_h256 | device=mps | params=836994
2026-06-27 21:12:24 | INFO     | training.trainer | [price_only_h256] Epoch   1 | train_loss=0.6961 | val_loss=0.7035 | val_acc=0.4545 | lr=1.00e-03
2026-06-27 21:12:24 | INFO     | training.trainer |   ✓ New best checkpoint saved (val_loss=0.7035)
2026-06-27 21:12:24 | INFO     | training.trainer | [price_only_h256] Epoch   2 | train_loss=0.6949 | val_loss=0.7031 | val_acc=0.4432 | lr=1.00e-03
2026-06-27 21:12:24 | INFO     | training.trainer |   ✓ New best checkpoint saved (val_loss=0.7031)
2026-06-27 21:12:25 | INFO     | training.trainer | [price_only_h256] Epoch   3 | train_loss=0.6963 | val_loss=0.6934 | val_acc=0.5000 | lr=1.00e-03
2026-06-27 21:12:25 | INFO     | training.trainer |   ✓ New best checkpoint saved (val_loss=0.6934)
2026-06-27 21:12:25 | INFO     | training.trainer | [price_only_h256] Epoch   4 | train_loss=0.6929 | val_loss=0.6914 | val_acc=0.5341 | lr=1.00e-03
2026-06-27 21:12:25 | INFO     | training.trainer |   ✓ New best checkpoint saved (val_loss=0.6914)
2026-06-27 21:12:25 | INFO     | training.trainer | [price_only_h256] Epoch   5 | train_loss=0.6920 | val_loss=0.7057 | val_acc=0.3864 | lr=1.00e-03
2026-06-27 21:12:26 | INFO     | training.trainer | [price_only_h256] Epoch   6 | train_loss=0.6918 | val_loss=0.7075 | val_acc=0.3864 | lr=1.00e-03
2026-06-27 21:12:26 | INFO     | training.trainer | [price_only_h256] Epoch   7 | train_loss=0.6897 | val_loss=0.7096 | val_acc=0.3864 | lr=1.00e-03
2026-06-27 21:12:26 | INFO     | training.trainer | [price_only_h256] Epoch   8 | train_loss=0.6899 | val_loss=0.7009 | val_acc=0.3864 | lr=1.00e-03
2026-06-27 21:12:27 | INFO     | training.trainer | [price_only_h256] Epoch   9 | train_loss=0.6863 | val_loss=0.7010 | val_acc=0.3864 | lr=1.00e-03
2026-06-27 21:12:27 | INFO     | training.trainer | [price_only_h256] Epoch  10 | train_loss=0.6929 | val_loss=0.6984 | val_acc=0.3864 | lr=1.00e-03
2026-06-27 21:12:27 | INFO     | training.trainer | [price_only_h256] Epoch  11 | train_loss=0.6906 | val_loss=0.6920 | val_acc=0.6023 | lr=5.00e-04
2026-06-27 21:12:28 | INFO     | training.trainer | [price_only_h256] Epoch  12 | train_loss=0.6881 | val_loss=0.6953 | val_acc=0.3864 | lr=5.00e-04
2026-06-27 21:12:28 | INFO     | training.trainer | [price_only_h256] Epoch  13 | train_loss=0.6891 | val_loss=0.6967 | val_acc=0.3864 | lr=5.00e-04
2026-06-27 21:12:28 | INFO     | training.trainer | [price_only_h256] Epoch  14 | train_loss=0.6849 | val_loss=0.7003 | val_acc=0.3864 | lr=5.00e-04
2026-06-27 21:12:29 | INFO     | training.trainer | [price_only_h256] Epoch  15 | train_loss=0.6855 | val_loss=0.6987 | val_acc=0.3864 | lr=5.00e-04
2026-06-27 21:12:29 | INFO     | training.trainer | [price_only_h256] Epoch  16 | train_loss=0.6856 | val_loss=0.6933 | val_acc=0.5114 | lr=5.00e-04
2026-06-27 21:12:29 | INFO     | training.trainer | [price_only_h256] Epoch  17 | train_loss=0.6758 | val_loss=0.6937 | val_acc=0.5227 | lr=2.50e-04
2026-06-27 21:12:30 | INFO     | training.trainer | [price_only_h256] Epoch  18 | train_loss=0.6836 | val_loss=0.6926 | val_acc=0.5000 | lr=2.50e-04
2026-06-27 21:12:30 | INFO     | training.trainer | [price_only_h256] Epoch  19 | train_loss=0.6829 | val_loss=0.6935 | val_acc=0.5227 | lr=2.50e-04
2026-06-27 21:12:30 | INFO     | training.trainer | [price_only_h256] Early stopping at epoch 19 (no improvement for 15 epochs).
2026-06-27 21:12:30 | INFO     | training.trainer | [price_only_h256] Training complete. Best val_loss=0.6914 at epoch 4.
2026-06-27 21:12:30 | INFO     | training.experiment | DONE price_only_h256 | best_epoch=4 | val_loss=0.6914 | val_acc=0.5341 | params=836994
2026-06-27 21:12:30 | INFO     | training.experiment | =======================================================
2026-06-27 21:12:30 | INFO     | training.experiment | EXPERIMENT: text_only_h64
2026-06-27 21:12:30 | INFO     | training.experiment | =======================================================
2026-06-27 21:12:30 | INFO     | training.trainer | Starting training: text_only_h64 | device=mps | params=689282
2026-06-27 21:12:30 | INFO     | training.trainer | [text_only_h64] Epoch   1 | train_loss=0.7313 | val_loss=0.7158 | val_acc=0.3977 | lr=1.00e-03
2026-06-27 21:12:30 | INFO     | training.trainer |   ✓ New best checkpoint saved (val_loss=0.7158)
2026-06-27 21:12:31 | INFO     | training.trainer | [text_only_h64] Epoch   2 | train_loss=0.7128 | val_loss=0.6880 | val_acc=0.6136 | lr=1.00e-03
2026-06-27 21:12:31 | INFO     | training.trainer |   ✓ New best checkpoint saved (val_loss=0.6880)
2026-06-27 21:12:31 | INFO     | training.trainer | [text_only_h64] Epoch   3 | train_loss=0.6946 | val_loss=0.6990 | val_acc=0.4091 | lr=1.00e-03
2026-06-27 21:12:31 | INFO     | training.trainer | [text_only_h64] Epoch   4 | train_loss=0.6967 | val_loss=0.7117 | val_acc=0.3750 | lr=1.00e-03
2026-06-27 21:12:31 | INFO     | training.trainer | [text_only_h64] Epoch   5 | train_loss=0.6926 | val_loss=0.6888 | val_acc=0.6250 | lr=1.00e-03
2026-06-27 21:12:31 | INFO     | training.trainer | [text_only_h64] Epoch   6 | train_loss=0.6848 | val_loss=0.6974 | val_acc=0.5455 | lr=1.00e-03
2026-06-27 21:12:32 | INFO     | training.trainer | [text_only_h64] Epoch   7 | train_loss=0.6982 | val_loss=0.7018 | val_acc=0.5455 | lr=1.00e-03
2026-06-27 21:12:32 | INFO     | training.trainer | [text_only_h64] Epoch   8 | train_loss=0.6849 | val_loss=0.7119 | val_acc=0.4773 | lr=1.00e-03
2026-06-27 21:12:32 | INFO     | training.trainer | [text_only_h64] Epoch   9 | train_loss=0.6729 | val_loss=0.7193 | val_acc=0.4659 | lr=5.00e-04
2026-06-27 21:12:32 | INFO     | training.trainer | [text_only_h64] Epoch  10 | train_loss=0.6748 | val_loss=0.7230 | val_acc=0.4773 | lr=5.00e-04
2026-06-27 21:12:32 | INFO     | training.trainer | [text_only_h64] Epoch  11 | train_loss=0.6704 | val_loss=0.7222 | val_acc=0.5114 | lr=5.00e-04
2026-06-27 21:12:33 | INFO     | training.trainer | [text_only_h64] Epoch  12 | train_loss=0.6637 | val_loss=0.7331 | val_acc=0.4773 | lr=5.00e-04
2026-06-27 21:12:33 | INFO     | training.trainer | [text_only_h64] Epoch  13 | train_loss=0.6574 | val_loss=0.7476 | val_acc=0.4432 | lr=5.00e-04
2026-06-27 21:12:33 | INFO     | training.trainer | [text_only_h64] Epoch  14 | train_loss=0.6611 | val_loss=0.7525 | val_acc=0.5341 | lr=5.00e-04
2026-06-27 21:12:33 | INFO     | training.trainer | [text_only_h64] Epoch  15 | train_loss=0.6565 | val_loss=0.7736 | val_acc=0.4205 | lr=2.50e-04
2026-06-27 21:12:33 | INFO     | training.trainer | [text_only_h64] Epoch  16 | train_loss=0.6745 | val_loss=0.7552 | val_acc=0.4432 | lr=2.50e-04
2026-06-27 21:12:34 | INFO     | training.trainer | [text_only_h64] Epoch  17 | train_loss=0.6541 | val_loss=0.7404 | val_acc=0.5568 | lr=2.50e-04
2026-06-27 21:12:34 | INFO     | training.trainer | [text_only_h64] Early stopping at epoch 17 (no improvement for 15 epochs).
2026-06-27 21:12:34 | INFO     | training.trainer | [text_only_h64] Training complete. Best val_loss=0.6880 at epoch 2.
2026-06-27 21:12:34 | INFO     | training.experiment | DONE text_only_h64 | best_epoch=2 | val_loss=0.6880 | val_acc=0.6136 | params=689282
2026-06-27 21:12:34 | INFO     | training.experiment | Skipping text_only h128 — text_only variant is hidden_size-independent.
2026-06-27 21:12:34 | INFO     | training.experiment | Skipping text_only h256 — text_only variant is hidden_size-independent.
2026-06-27 21:12:34 | INFO     | training.experiment | =======================================================
2026-06-27 21:12:34 | INFO     | training.experiment | EXPERIMENT: fusion_h64
2026-06-27 21:12:34 | INFO     | training.experiment | =======================================================
2026-06-27 21:12:34 | INFO     | training.trainer | Starting training: fusion_h64 | device=mps | params=750978
2026-06-27 21:12:34 | INFO     | training.trainer | [fusion_h64] Epoch   1 | train_loss=0.7602 | val_loss=0.6872 | val_acc=0.6136 | lr=1.00e-03
2026-06-27 21:12:34 | INFO     | training.trainer |   ✓ New best checkpoint saved (val_loss=0.6872)
2026-06-27 21:12:34 | INFO     | training.trainer | [fusion_h64] Epoch   2 | train_loss=0.7310 | val_loss=0.6833 | val_acc=0.6136 | lr=1.00e-03
2026-06-27 21:12:34 | INFO     | training.trainer |   ✓ New best checkpoint saved (val_loss=0.6833)
2026-06-27 21:12:34 | INFO     | training.trainer | [fusion_h64] Epoch   3 | train_loss=0.7045 | val_loss=0.6938 | val_acc=0.5341 | lr=1.00e-03
2026-06-27 21:12:35 | INFO     | training.trainer | [fusion_h64] Epoch   4 | train_loss=0.7188 | val_loss=0.6923 | val_acc=0.5568 | lr=1.00e-03
2026-06-27 21:12:35 | INFO     | training.trainer | [fusion_h64] Epoch   5 | train_loss=0.6933 | val_loss=0.6913 | val_acc=0.5568 | lr=1.00e-03
2026-06-27 21:12:35 | INFO     | training.trainer | [fusion_h64] Epoch   6 | train_loss=0.6873 | val_loss=0.6980 | val_acc=0.4886 | lr=1.00e-03
2026-06-27 21:12:35 | INFO     | training.trainer | [fusion_h64] Epoch   7 | train_loss=0.6857 | val_loss=0.7017 | val_acc=0.4886 | lr=1.00e-03
2026-06-27 21:12:36 | INFO     | training.trainer | [fusion_h64] Epoch   8 | train_loss=0.6864 | val_loss=0.7040 | val_acc=0.4886 | lr=1.00e-03
2026-06-27 21:12:36 | INFO     | training.trainer | [fusion_h64] Epoch   9 | train_loss=0.6812 | val_loss=0.7092 | val_acc=0.4773 | lr=5.00e-04
2026-06-27 21:12:36 | INFO     | training.trainer | [fusion_h64] Epoch  10 | train_loss=0.6742 | val_loss=0.7377 | val_acc=0.3864 | lr=5.00e-04
2026-06-27 21:12:37 | INFO     | training.trainer | [fusion_h64] Epoch  11 | train_loss=0.6808 | val_loss=0.7237 | val_acc=0.4205 | lr=5.00e-04
2026-06-27 21:12:37 | INFO     | training.trainer | [fusion_h64] Epoch  12 | train_loss=0.6771 | val_loss=0.7391 | val_acc=0.4545 | lr=5.00e-04
2026-06-27 21:12:37 | INFO     | training.trainer | [fusion_h64] Epoch  13 | train_loss=0.6781 | val_loss=0.7538 | val_acc=0.3977 | lr=5.00e-04
2026-06-27 21:12:37 | INFO     | training.trainer | [fusion_h64] Epoch  14 | train_loss=0.6834 | val_loss=0.7180 | val_acc=0.4432 | lr=5.00e-04
2026-06-27 21:12:38 | INFO     | training.trainer | [fusion_h64] Epoch  15 | train_loss=0.6708 | val_loss=0.7205 | val_acc=0.4886 | lr=2.50e-04
2026-06-27 21:12:38 | INFO     | training.trainer | [fusion_h64] Epoch  16 | train_loss=0.6640 | val_loss=0.7345 | val_acc=0.4886 | lr=2.50e-04
2026-06-27 21:12:38 | INFO     | training.trainer | [fusion_h64] Epoch  17 | train_loss=0.6559 | val_loss=0.7408 | val_acc=0.4886 | lr=2.50e-04
2026-06-27 21:12:38 | INFO     | training.trainer | [fusion_h64] Early stopping at epoch 17 (no improvement for 15 epochs).
2026-06-27 21:12:38 | INFO     | training.trainer | [fusion_h64] Training complete. Best val_loss=0.6833 at epoch 2.
2026-06-27 21:12:38 | INFO     | training.experiment | DONE fusion_h64 | best_epoch=2 | val_loss=0.6833 | val_acc=0.6136 | params=750978
2026-06-27 21:12:38 | INFO     | training.experiment | =======================================================
2026-06-27 21:12:38 | INFO     | training.experiment | EXPERIMENT: fusion_h128
2026-06-27 21:12:38 | INFO     | training.experiment | =======================================================
2026-06-27 21:12:38 | INFO     | training.trainer | Starting training: fusion_h128 | device=mps | params=910978
2026-06-27 21:12:38 | INFO     | training.trainer | [fusion_h128] Epoch   1 | train_loss=0.7321 | val_loss=0.7161 | val_acc=0.3864 | lr=1.00e-03
2026-06-27 21:12:38 | INFO     | training.trainer |   ✓ New best checkpoint saved (val_loss=0.7161)
2026-06-27 21:12:39 | INFO     | training.trainer | [fusion_h128] Epoch   2 | train_loss=0.6976 | val_loss=0.6867 | val_acc=0.6136 | lr=1.00e-03
2026-06-27 21:12:39 | INFO     | training.trainer |   ✓ New best checkpoint saved (val_loss=0.6867)
2026-06-27 21:12:39 | INFO     | training.trainer | [fusion_h128] Epoch   3 | train_loss=0.7052 | val_loss=0.6905 | val_acc=0.5455 | lr=1.00e-03
2026-06-27 21:12:39 | INFO     | training.trainer | [fusion_h128] Epoch   4 | train_loss=0.6917 | val_loss=0.6986 | val_acc=0.5114 | lr=1.00e-03
2026-06-27 21:12:40 | INFO     | training.trainer | [fusion_h128] Epoch   5 | train_loss=0.6933 | val_loss=0.6971 | val_acc=0.6136 | lr=1.00e-03
2026-06-27 21:12:40 | INFO     | training.trainer | [fusion_h128] Epoch   6 | train_loss=0.6954 | val_loss=0.6914 | val_acc=0.5795 | lr=1.00e-03
2026-06-27 21:12:40 | INFO     | training.trainer | [fusion_h128] Epoch   7 | train_loss=0.6817 | val_loss=0.7265 | val_acc=0.3977 | lr=1.00e-03
2026-06-27 21:12:40 | INFO     | training.trainer | [fusion_h128] Epoch   8 | train_loss=0.6885 | val_loss=0.7418 | val_acc=0.3750 | lr=1.00e-03
2026-06-27 21:12:41 | INFO     | training.trainer | [fusion_h128] Epoch   9 | train_loss=0.6794 | val_loss=0.7107 | val_acc=0.5000 | lr=5.00e-04
2026-06-27 21:12:41 | INFO     | training.trainer | [fusion_h128] Epoch  10 | train_loss=0.6634 | val_loss=0.7288 | val_acc=0.4886 | lr=5.00e-04
2026-06-27 21:12:41 | INFO     | training.trainer | [fusion_h128] Epoch  11 | train_loss=0.6698 | val_loss=0.7257 | val_acc=0.5455 | lr=5.00e-04
2026-06-27 21:12:42 | INFO     | training.trainer | [fusion_h128] Epoch  12 | train_loss=0.6731 | val_loss=0.7300 | val_acc=0.4886 | lr=5.00e-04
2026-06-27 21:12:42 | INFO     | training.trainer | [fusion_h128] Epoch  13 | train_loss=0.6554 | val_loss=0.7880 | val_acc=0.3750 | lr=5.00e-04
2026-06-27 21:12:42 | INFO     | training.trainer | [fusion_h128] Epoch  14 | train_loss=0.6685 | val_loss=0.7323 | val_acc=0.5795 | lr=5.00e-04
2026-06-27 21:12:42 | INFO     | training.trainer | [fusion_h128] Epoch  15 | train_loss=0.6539 | val_loss=0.7742 | val_acc=0.3750 | lr=2.50e-04
2026-06-27 21:12:43 | INFO     | training.trainer | [fusion_h128] Epoch  16 | train_loss=0.6504 | val_loss=0.7522 | val_acc=0.5227 | lr=2.50e-04
2026-06-27 21:12:43 | INFO     | training.trainer | [fusion_h128] Epoch  17 | train_loss=0.6578 | val_loss=0.7900 | val_acc=0.3864 | lr=2.50e-04
2026-06-27 21:12:43 | INFO     | training.trainer | [fusion_h128] Early stopping at epoch 17 (no improvement for 15 epochs).
2026-06-27 21:12:43 | INFO     | training.trainer | [fusion_h128] Training complete. Best val_loss=0.6867 at epoch 2.
2026-06-27 21:12:43 | INFO     | training.experiment | DONE fusion_h128 | best_epoch=2 | val_loss=0.6867 | val_acc=0.6136 | params=910978
2026-06-27 21:12:43 | INFO     | training.experiment | =======================================================
2026-06-27 21:12:43 | INFO     | training.experiment | EXPERIMENT: fusion_h256
2026-06-27 21:12:43 | INFO     | training.experiment | =======================================================
2026-06-27 21:12:43 | INFO     | training.trainer | Starting training: fusion_h256 | device=mps | params=1525890
2026-06-27 21:12:43 | INFO     | training.trainer | [fusion_h256] Epoch   1 | train_loss=0.7148 | val_loss=0.6858 | val_acc=0.6136 | lr=1.00e-03
2026-06-27 21:12:43 | INFO     | training.trainer |   ✓ New best checkpoint saved (val_loss=0.6858)
2026-06-27 21:12:44 | INFO     | training.trainer | [fusion_h256] Epoch   2 | train_loss=0.7083 | val_loss=0.7039 | val_acc=0.3864 | lr=1.00e-03
2026-06-27 21:12:44 | INFO     | training.trainer | [fusion_h256] Epoch   3 | train_loss=0.6961 | val_loss=0.6891 | val_acc=0.5568 | lr=1.00e-03
2026-06-27 21:12:44 | INFO     | training.trainer | [fusion_h256] Epoch   4 | train_loss=0.6896 | val_loss=0.6908 | val_acc=0.5682 | lr=1.00e-03
2026-06-27 21:12:45 | INFO     | training.trainer | [fusion_h256] Epoch   5 | train_loss=0.6919 | val_loss=0.7841 | val_acc=0.3864 | lr=1.00e-03
2026-06-27 21:12:45 | INFO     | training.trainer | [fusion_h256] Epoch   6 | train_loss=0.7049 | val_loss=0.6924 | val_acc=0.5455 | lr=1.00e-03
2026-06-27 21:12:45 | INFO     | training.trainer | [fusion_h256] Epoch   7 | train_loss=0.6888 | val_loss=0.6993 | val_acc=0.4545 | lr=1.00e-03
2026-06-27 21:12:46 | INFO     | training.trainer | [fusion_h256] Epoch   8 | train_loss=0.6857 | val_loss=0.6960 | val_acc=0.5114 | lr=5.00e-04
2026-06-27 21:12:46 | INFO     | training.trainer | [fusion_h256] Epoch   9 | train_loss=0.6828 | val_loss=0.7039 | val_acc=0.4659 | lr=5.00e-04
2026-06-27 21:12:46 | INFO     | training.trainer | [fusion_h256] Epoch  10 | train_loss=0.6769 | val_loss=0.7053 | val_acc=0.5114 | lr=5.00e-04
2026-06-27 21:12:47 | INFO     | training.trainer | [fusion_h256] Epoch  11 | train_loss=0.6765 | val_loss=0.7304 | val_acc=0.3864 | lr=5.00e-04
2026-06-27 21:12:47 | INFO     | training.trainer | [fusion_h256] Epoch  12 | train_loss=0.6820 | val_loss=0.7049 | val_acc=0.5455 | lr=5.00e-04
2026-06-27 21:12:47 | INFO     | training.trainer | [fusion_h256] Epoch  13 | train_loss=0.6711 | val_loss=0.7258 | val_acc=0.4205 | lr=5.00e-04
2026-06-27 21:12:48 | INFO     | training.trainer | [fusion_h256] Epoch  14 | train_loss=0.6694 | val_loss=0.7156 | val_acc=0.5000 | lr=2.50e-04
2026-06-27 21:12:48 | INFO     | training.trainer | [fusion_h256] Epoch  15 | train_loss=0.6645 | val_loss=0.7260 | val_acc=0.4659 | lr=2.50e-04
2026-06-27 21:12:48 | INFO     | training.trainer | [fusion_h256] Epoch  16 | train_loss=0.6657 | val_loss=0.7384 | val_acc=0.4773 | lr=2.50e-04
2026-06-27 21:12:48 | INFO     | training.trainer | [fusion_h256] Early stopping at epoch 16 (no improvement for 15 epochs).
2026-06-27 21:12:48 | INFO     | training.trainer | [fusion_h256] Training complete. Best val_loss=0.6858 at epoch 1.
2026-06-27 21:12:48 | INFO     | training.experiment | DONE fusion_h256 | best_epoch=1 | val_loss=0.6858 | val_acc=0.6136 | params=1525890
2026-06-27 21:12:48 | INFO     | training.experiment | Ablation results saved to evaluation/ablation_results.csv
2026-06-28 09:29:00 | INFO     | __main__ | ============================================================
2026-06-28 09:29:00 | INFO     | __main__ | PHASE 4 — Training All Experiments
2026-06-28 09:29:00 | INFO     | __main__ | Device: mps
2026-06-28 09:29:00 | INFO     | __main__ | Experiments: 3 variants × 3 hidden sizes = 9 runs
2026-06-28 09:29:00 | INFO     | __main__ | ============================================================
2026-06-28 09:29:00 | INFO     | datasets.dataloader | Loading split DataFrames...
2026-06-28 09:29:00 | INFO     | datasets.dataloader | Split sizes — train: 412 | val: 88 | test: 89 | full: 589
2026-06-28 09:29:00 | INFO     | datasets.dataloader | Loaded embedding index: 589 entries.
2026-06-28 09:29:00 | INFO     | datasets.dataloader | Building datasets...
2026-06-28 09:29:00 | INFO     | datasets.stock_dataset | Dataset built: 382 valid samples | excluded 30 (no history) | 0 (no embedding)
2026-06-28 09:29:00 | INFO     | datasets.stock_dataset | Dataset built: 88 valid samples | excluded 0 (no history) | 0 (no embedding)
2026-06-28 09:29:00 | INFO     | datasets.stock_dataset | Dataset built: 89 valid samples | excluded 0 (no history) | 0 (no embedding)
2026-06-28 09:29:00 | INFO     | datasets.dataloader | Dataset sizes — train: 382 | val: 88 | test: 89
2026-06-28 09:29:00 | INFO     | datasets.dataloader | DataLoaders ready — batch_size=32 | train_batches=12 | val_batches=3 | test_batches=3
2026-06-28 09:29:00 | INFO     | __main__ | Class weights loaded: [1.0899471044540405, 0.9237667918205261]
2026-06-28 09:29:00 | INFO     | training.experiment | =======================================================
2026-06-28 09:29:00 | INFO     | training.experiment | EXPERIMENT: price_only_h64
2026-06-28 09:29:00 | INFO     | training.experiment | =======================================================
2026-06-28 09:29:00 | INFO     | training.trainer | Starting training: price_only_h64 | device=mps | params=62082
2026-06-28 09:29:02 | INFO     | training.trainer | [price_only_h64] Epoch   1 | train_loss=0.6955 | val_loss=0.6966 | val_acc=0.4091 | lr=1.00e-03
2026-06-28 09:29:02 | INFO     | training.trainer |   ✓ New best checkpoint saved (val_loss=0.6966)
2026-06-28 09:29:02 | INFO     | training.trainer | [price_only_h64] Epoch   2 | train_loss=0.6954 | val_loss=0.6990 | val_acc=0.4091 | lr=1.00e-03
2026-06-28 09:29:02 | INFO     | training.trainer | [price_only_h64] Epoch   3 | train_loss=0.6926 | val_loss=0.7080 | val_acc=0.3864 | lr=1.00e-03
2026-06-28 09:29:02 | INFO     | training.trainer | [price_only_h64] Epoch   4 | train_loss=0.6926 | val_loss=0.7021 | val_acc=0.3864 | lr=1.00e-03
2026-06-28 09:29:03 | INFO     | training.trainer | [price_only_h64] Epoch   5 | train_loss=0.6913 | val_loss=0.7081 | val_acc=0.3864 | lr=1.00e-03
2026-06-28 09:29:03 | INFO     | training.trainer | [price_only_h64] Epoch   6 | train_loss=0.6915 | val_loss=0.7024 | val_acc=0.3864 | lr=1.00e-03
2026-06-28 09:29:03 | INFO     | training.trainer | [price_only_h64] Epoch   7 | train_loss=0.6928 | val_loss=0.7095 | val_acc=0.3864 | lr=1.00e-03
2026-06-28 09:29:04 | INFO     | training.trainer | [price_only_h64] Epoch   8 | train_loss=0.6895 | val_loss=0.7121 | val_acc=0.3864 | lr=5.00e-04
2026-06-28 09:29:04 | INFO     | training.trainer | [price_only_h64] Epoch   9 | train_loss=0.6903 | val_loss=0.7044 | val_acc=0.3864 | lr=5.00e-04
2026-06-28 09:29:04 | INFO     | training.trainer | [price_only_h64] Epoch  10 | train_loss=0.6889 | val_loss=0.7014 | val_acc=0.3864 | lr=5.00e-04
2026-06-28 09:29:04 | INFO     | training.trainer | [price_only_h64] Epoch  11 | train_loss=0.6883 | val_loss=0.7049 | val_acc=0.3864 | lr=5.00e-04
2026-06-28 09:29:05 | INFO     | training.trainer | [price_only_h64] Epoch  12 | train_loss=0.6899 | val_loss=0.7187 | val_acc=0.3864 | lr=5.00e-04
2026-06-28 09:29:05 | INFO     | training.trainer | [price_only_h64] Epoch  13 | train_loss=0.6897 | val_loss=0.6979 | val_acc=0.4091 | lr=5.00e-04
2026-06-28 09:29:05 | INFO     | training.trainer | [price_only_h64] Epoch  14 | train_loss=0.6868 | val_loss=0.6989 | val_acc=0.3977 | lr=2.50e-04
2026-06-28 09:29:06 | INFO     | training.trainer | [price_only_h64] Epoch  15 | train_loss=0.6847 | val_loss=0.7017 | val_acc=0.3864 | lr=2.50e-04
2026-06-28 09:29:06 | INFO     | training.trainer | [price_only_h64] Epoch  16 | train_loss=0.6863 | val_loss=0.7073 | val_acc=0.3864 | lr=2.50e-04
2026-06-28 09:29:06 | INFO     | training.trainer | [price_only_h64] Epoch  17 | train_loss=0.6869 | val_loss=0.7034 | val_acc=0.3864 | lr=2.50e-04
2026-06-28 09:29:06 | INFO     | training.trainer | [price_only_h64] Epoch  18 | train_loss=0.6886 | val_loss=0.7008 | val_acc=0.3636 | lr=2.50e-04
2026-06-28 09:29:07 | INFO     | training.trainer | [price_only_h64] Epoch  19 | train_loss=0.6861 | val_loss=0.7004 | val_acc=0.3864 | lr=2.50e-04
2026-06-28 09:29:07 | INFO     | training.trainer | [price_only_h64] Epoch  20 | train_loss=0.6879 | val_loss=0.7019 | val_acc=0.3523 | lr=1.25e-04
2026-06-28 09:29:07 | INFO     | training.trainer | [price_only_h64] Epoch  21 | train_loss=0.6839 | val_loss=0.7012 | val_acc=0.3864 | lr=1.25e-04
2026-06-28 09:29:07 | INFO     | training.trainer | [price_only_h64] Early stopping at epoch 21 (no improvement for 20 epochs).
2026-06-28 09:29:07 | INFO     | training.trainer | [price_only_h64] Training complete. Best val_loss=0.6966 at epoch 1.
2026-06-28 09:29:07 | INFO     | training.experiment | DONE price_only_h64 | best_epoch=1 | val_loss=0.6966 | val_acc=0.4091 | params=62082
2026-06-28 09:29:07 | INFO     | training.experiment | =======================================================
2026-06-28 09:29:07 | INFO     | training.experiment | EXPERIMENT: price_only_h128
2026-06-28 09:29:07 | INFO     | training.experiment | =======================================================
2026-06-28 09:29:07 | INFO     | training.trainer | Starting training: price_only_h128 | device=mps | params=222082
2026-06-28 09:29:08 | INFO     | training.trainer | [price_only_h128] Epoch   1 | train_loss=0.6948 | val_loss=0.6911 | val_acc=0.6136 | lr=1.00e-03
2026-06-28 09:29:08 | INFO     | training.trainer |   ✓ New best checkpoint saved (val_loss=0.6911)
2026-06-28 09:29:08 | INFO     | training.trainer | [price_only_h128] Epoch   2 | train_loss=0.6946 | val_loss=0.7000 | val_acc=0.3864 | lr=1.00e-03
2026-06-28 09:29:08 | INFO     | training.trainer | [price_only_h128] Epoch   3 | train_loss=0.6941 | val_loss=0.7018 | val_acc=0.3864 | lr=1.00e-03
2026-06-28 09:29:09 | INFO     | training.trainer | [price_only_h128] Epoch   4 | train_loss=0.6932 | val_loss=0.7070 | val_acc=0.3864 | lr=1.00e-03
2026-06-28 09:29:09 | INFO     | training.trainer | [price_only_h128] Epoch   5 | train_loss=0.6921 | val_loss=0.7208 | val_acc=0.3864 | lr=1.00e-03
2026-06-28 09:29:09 | INFO     | training.trainer | [price_only_h128] Epoch   6 | train_loss=0.6916 | val_loss=0.7001 | val_acc=0.3864 | lr=1.00e-03
2026-06-28 09:29:10 | INFO     | training.trainer | [price_only_h128] Epoch   7 | train_loss=0.6908 | val_loss=0.7080 | val_acc=0.3864 | lr=1.00e-03
2026-06-28 09:29:10 | INFO     | training.trainer | [price_only_h128] Epoch   8 | train_loss=0.6872 | val_loss=0.7169 | val_acc=0.3864 | lr=5.00e-04
2026-06-28 09:29:10 | INFO     | training.trainer | [price_only_h128] Epoch   9 | train_loss=0.6933 | val_loss=0.7283 | val_acc=0.3864 | lr=5.00e-04
2026-06-28 09:29:11 | INFO     | training.trainer | [price_only_h128] Epoch  10 | train_loss=0.6923 | val_loss=0.6960 | val_acc=0.3750 | lr=5.00e-04
2026-06-28 09:29:11 | INFO     | training.trainer | [price_only_h128] Epoch  11 | train_loss=0.6927 | val_loss=0.7000 | val_acc=0.3864 | lr=5.00e-04
2026-06-28 09:29:11 | INFO     | training.trainer | [price_only_h128] Epoch  12 | train_loss=0.6900 | val_loss=0.7030 | val_acc=0.3864 | lr=5.00e-04
2026-06-28 09:29:12 | INFO     | training.trainer | [price_only_h128] Epoch  13 | train_loss=0.6913 | val_loss=0.7073 | val_acc=0.3864 | lr=5.00e-04
2026-06-28 09:29:12 | INFO     | training.trainer | [price_only_h128] Epoch  14 | train_loss=0.6887 | val_loss=0.7080 | val_acc=0.3864 | lr=2.50e-04
2026-06-28 09:29:12 | INFO     | training.trainer | [price_only_h128] Epoch  15 | train_loss=0.6904 | val_loss=0.7016 | val_acc=0.3864 | lr=2.50e-04
2026-06-28 09:29:13 | INFO     | training.trainer | [price_only_h128] Epoch  16 | train_loss=0.6898 | val_loss=0.7035 | val_acc=0.3864 | lr=2.50e-04
2026-06-28 09:29:13 | INFO     | training.trainer | [price_only_h128] Epoch  17 | train_loss=0.6899 | val_loss=0.7083 | val_acc=0.3864 | lr=2.50e-04
2026-06-28 09:29:13 | INFO     | training.trainer | [price_only_h128] Epoch  18 | train_loss=0.6893 | val_loss=0.7101 | val_acc=0.3864 | lr=2.50e-04
2026-06-28 09:29:14 | INFO     | training.trainer | [price_only_h128] Epoch  19 | train_loss=0.6878 | val_loss=0.7043 | val_acc=0.3864 | lr=2.50e-04
2026-06-28 09:29:14 | INFO     | training.trainer | [price_only_h128] Epoch  20 | train_loss=0.6893 | val_loss=0.7052 | val_acc=0.3864 | lr=1.25e-04
2026-06-28 09:29:14 | INFO     | training.trainer | [price_only_h128] Epoch  21 | train_loss=0.6886 | val_loss=0.7054 | val_acc=0.3864 | lr=1.25e-04
2026-06-28 09:29:14 | INFO     | training.trainer | [price_only_h128] Early stopping at epoch 21 (no improvement for 20 epochs).
2026-06-28 09:29:14 | INFO     | training.trainer | [price_only_h128] Training complete. Best val_loss=0.6911 at epoch 1.
2026-06-28 09:29:14 | INFO     | training.experiment | DONE price_only_h128 | best_epoch=1 | val_loss=0.6911 | val_acc=0.6136 | params=222082
2026-06-28 09:29:14 | INFO     | training.experiment | =======================================================
2026-06-28 09:29:14 | INFO     | training.experiment | EXPERIMENT: price_only_h256
2026-06-28 09:29:14 | INFO     | training.experiment | =======================================================
2026-06-28 09:29:14 | INFO     | training.trainer | Starting training: price_only_h256 | device=mps | params=836994
2026-06-28 09:29:15 | INFO     | training.trainer | [price_only_h256] Epoch   1 | train_loss=0.6963 | val_loss=0.7050 | val_acc=0.4318 | lr=1.00e-03
2026-06-28 09:29:15 | INFO     | training.trainer |   ✓ New best checkpoint saved (val_loss=0.7050)
2026-06-28 09:29:15 | INFO     | training.trainer | [price_only_h256] Epoch   2 | train_loss=0.6958 | val_loss=0.7021 | val_acc=0.4318 | lr=1.00e-03
2026-06-28 09:29:15 | INFO     | training.trainer |   ✓ New best checkpoint saved (val_loss=0.7021)
2026-06-28 09:29:16 | INFO     | training.trainer | [price_only_h256] Epoch   3 | train_loss=0.6965 | val_loss=0.6965 | val_acc=0.4205 | lr=1.00e-03
2026-06-28 09:29:16 | INFO     | training.trainer |   ✓ New best checkpoint saved (val_loss=0.6965)
2026-06-28 09:29:16 | INFO     | training.trainer | [price_only_h256] Epoch   4 | train_loss=0.6935 | val_loss=0.6948 | val_acc=0.5227 | lr=1.00e-03
2026-06-28 09:29:16 | INFO     | training.trainer |   ✓ New best checkpoint saved (val_loss=0.6948)
2026-06-28 09:29:16 | INFO     | training.trainer | [price_only_h256] Epoch   5 | train_loss=0.6921 | val_loss=0.7089 | val_acc=0.3864 | lr=1.00e-03
2026-06-28 09:29:17 | INFO     | training.trainer | [price_only_h256] Epoch   6 | train_loss=0.6927 | val_loss=0.7062 | val_acc=0.3864 | lr=1.00e-03
2026-06-28 09:29:17 | INFO     | training.trainer | [price_only_h256] Epoch   7 | train_loss=0.6908 | val_loss=0.7102 | val_acc=0.3864 | lr=1.00e-03
2026-06-28 09:29:17 | INFO     | training.trainer | [price_only_h256] Epoch   8 | train_loss=0.6918 | val_loss=0.7038 | val_acc=0.3864 | lr=1.00e-03
2026-06-28 09:29:18 | INFO     | training.trainer | [price_only_h256] Epoch   9 | train_loss=0.6884 | val_loss=0.7051 | val_acc=0.3864 | lr=1.00e-03
2026-06-28 09:29:18 | INFO     | training.trainer | [price_only_h256] Epoch  10 | train_loss=0.6936 | val_loss=0.6979 | val_acc=0.3864 | lr=1.00e-03
2026-06-28 09:29:18 | INFO     | training.trainer | [price_only_h256] Epoch  11 | train_loss=0.6916 | val_loss=0.6949 | val_acc=0.4432 | lr=5.00e-04
2026-06-28 09:29:19 | INFO     | training.trainer | [price_only_h256] Epoch  12 | train_loss=0.6901 | val_loss=0.6983 | val_acc=0.3864 | lr=5.00e-04
2026-06-28 09:29:19 | INFO     | training.trainer | [price_only_h256] Epoch  13 | train_loss=0.6899 | val_loss=0.7006 | val_acc=0.3864 | lr=5.00e-04
2026-06-28 09:29:19 | INFO     | training.trainer | [price_only_h256] Epoch  14 | train_loss=0.6879 | val_loss=0.7034 | val_acc=0.3864 | lr=5.00e-04
2026-06-28 09:29:20 | INFO     | training.trainer | [price_only_h256] Epoch  15 | train_loss=0.6874 | val_loss=0.7010 | val_acc=0.3864 | lr=5.00e-04
2026-06-28 09:29:20 | INFO     | training.trainer | [price_only_h256] Epoch  16 | train_loss=0.6881 | val_loss=0.6966 | val_acc=0.3977 | lr=5.00e-04
2026-06-28 09:29:20 | INFO     | training.trainer | [price_only_h256] Epoch  17 | train_loss=0.6819 | val_loss=0.6976 | val_acc=0.3977 | lr=2.50e-04
2026-06-28 09:29:21 | INFO     | training.trainer | [price_only_h256] Epoch  18 | train_loss=0.6884 | val_loss=0.6966 | val_acc=0.3977 | lr=2.50e-04
2026-06-28 09:29:21 | INFO     | training.trainer | [price_only_h256] Epoch  19 | train_loss=0.6849 | val_loss=0.6963 | val_acc=0.4773 | lr=2.50e-04
2026-06-28 09:29:21 | INFO     | training.trainer | [price_only_h256] Epoch  20 | train_loss=0.6844 | val_loss=0.6935 | val_acc=0.5568 | lr=2.50e-04
2026-06-28 09:29:21 | INFO     | training.trainer |   ✓ New best checkpoint saved (val_loss=0.6935)
2026-06-28 09:29:22 | INFO     | training.trainer | [price_only_h256] Epoch  21 | train_loss=0.6850 | val_loss=0.6926 | val_acc=0.5795 | lr=2.50e-04
2026-06-28 09:29:22 | INFO     | training.trainer |   ✓ New best checkpoint saved (val_loss=0.6926)
2026-06-28 09:29:22 | INFO     | training.trainer | [price_only_h256] Epoch  22 | train_loss=0.6824 | val_loss=0.6955 | val_acc=0.5341 | lr=2.50e-04
2026-06-28 09:29:22 | INFO     | training.trainer | [price_only_h256] Epoch  23 | train_loss=0.6822 | val_loss=0.6938 | val_acc=0.5455 | lr=2.50e-04
2026-06-28 09:29:23 | INFO     | training.trainer | [price_only_h256] Epoch  24 | train_loss=0.6830 | val_loss=0.6910 | val_acc=0.6136 | lr=2.50e-04
2026-06-28 09:29:23 | INFO     | training.trainer |   ✓ New best checkpoint saved (val_loss=0.6910)
2026-06-28 09:29:23 | INFO     | training.trainer | [price_only_h256] Epoch  25 | train_loss=0.6808 | val_loss=0.6949 | val_acc=0.5341 | lr=2.50e-04
2026-06-28 09:29:24 | INFO     | training.trainer | [price_only_h256] Epoch  26 | train_loss=0.6810 | val_loss=0.6949 | val_acc=0.5227 | lr=2.50e-04
2026-06-28 09:29:24 | INFO     | training.trainer | [price_only_h256] Epoch  27 | train_loss=0.6796 | val_loss=0.6941 | val_acc=0.5455 | lr=2.50e-04
2026-06-28 09:29:24 | INFO     | training.trainer | [price_only_h256] Epoch  28 | train_loss=0.6825 | val_loss=0.6933 | val_acc=0.5795 | lr=2.50e-04
2026-06-28 09:29:25 | INFO     | training.trainer | [price_only_h256] Epoch  29 | train_loss=0.6793 | val_loss=0.6899 | val_acc=0.6136 | lr=2.50e-04
2026-06-28 09:29:25 | INFO     | training.trainer |   ✓ New best checkpoint saved (val_loss=0.6899)
2026-06-28 09:29:25 | INFO     | training.trainer | [price_only_h256] Epoch  30 | train_loss=0.6780 | val_loss=0.6898 | val_acc=0.6136 | lr=2.50e-04
2026-06-28 09:29:25 | INFO     | training.trainer |   ✓ New best checkpoint saved (val_loss=0.6898)
2026-06-28 09:29:25 | INFO     | training.trainer | [price_only_h256] Epoch  31 | train_loss=0.6832 | val_loss=0.6898 | val_acc=0.6136 | lr=2.50e-04
2026-06-28 09:29:25 | INFO     | training.trainer |   ✓ New best checkpoint saved (val_loss=0.6898)
2026-06-28 09:29:26 | INFO     | training.trainer | [price_only_h256] Epoch  32 | train_loss=0.6901 | val_loss=0.6907 | val_acc=0.6136 | lr=2.50e-04
2026-06-28 09:29:26 | INFO     | training.trainer | [price_only_h256] Epoch  33 | train_loss=0.6814 | val_loss=0.6971 | val_acc=0.3864 | lr=2.50e-04
2026-06-28 09:29:26 | INFO     | training.trainer | [price_only_h256] Epoch  34 | train_loss=0.6777 | val_loss=0.6969 | val_acc=0.3864 | lr=2.50e-04
2026-06-28 09:29:27 | INFO     | training.trainer | [price_only_h256] Epoch  35 | train_loss=0.6779 | val_loss=0.6928 | val_acc=0.6136 | lr=2.50e-04
2026-06-28 09:29:27 | INFO     | training.trainer | [price_only_h256] Epoch  36 | train_loss=0.6762 | val_loss=0.6944 | val_acc=0.5568 | lr=2.50e-04
2026-06-28 09:29:27 | INFO     | training.trainer | [price_only_h256] Epoch  37 | train_loss=0.6752 | val_loss=0.6928 | val_acc=0.6136 | lr=1.25e-04
2026-06-28 09:29:28 | INFO     | training.trainer | [price_only_h256] Epoch  38 | train_loss=0.6711 | val_loss=0.6931 | val_acc=0.5795 | lr=1.25e-04
2026-06-28 09:29:28 | INFO     | training.trainer | [price_only_h256] Epoch  39 | train_loss=0.6761 | val_loss=0.6932 | val_acc=0.6023 | lr=1.25e-04
2026-06-28 09:29:28 | INFO     | training.trainer | [price_only_h256] Epoch  40 | train_loss=0.6718 | val_loss=0.6926 | val_acc=0.6136 | lr=1.25e-04
2026-06-28 09:29:29 | INFO     | training.trainer | [price_only_h256] Epoch  41 | train_loss=0.6700 | val_loss=0.6914 | val_acc=0.6136 | lr=1.25e-04
2026-06-28 09:29:29 | INFO     | training.trainer | [price_only_h256] Epoch  42 | train_loss=0.6739 | val_loss=0.6911 | val_acc=0.6136 | lr=1.25e-04
2026-06-28 09:29:29 | INFO     | training.trainer | [price_only_h256] Epoch  43 | train_loss=0.6696 | val_loss=0.6912 | val_acc=0.6136 | lr=6.25e-05
2026-06-28 09:29:30 | INFO     | training.trainer | [price_only_h256] Epoch  44 | train_loss=0.6663 | val_loss=0.6915 | val_acc=0.6136 | lr=6.25e-05
2026-06-28 09:29:30 | INFO     | training.trainer | [price_only_h256] Epoch  45 | train_loss=0.6641 | val_loss=0.6917 | val_acc=0.6136 | lr=6.25e-05
2026-06-28 09:29:30 | INFO     | training.trainer | [price_only_h256] Epoch  46 | train_loss=0.6653 | val_loss=0.6917 | val_acc=0.6136 | lr=6.25e-05
2026-06-28 09:29:31 | INFO     | training.trainer | [price_only_h256] Epoch  47 | train_loss=0.6607 | val_loss=0.6910 | val_acc=0.6136 | lr=6.25e-05
2026-06-28 09:29:31 | INFO     | training.trainer | [price_only_h256] Epoch  48 | train_loss=0.6661 | val_loss=0.6907 | val_acc=0.6136 | lr=6.25e-05
2026-06-28 09:29:31 | INFO     | training.trainer | [price_only_h256] Epoch  49 | train_loss=0.6648 | val_loss=0.6908 | val_acc=0.6136 | lr=3.13e-05
2026-06-28 09:29:32 | INFO     | training.trainer | [price_only_h256] Epoch  50 | train_loss=0.6608 | val_loss=0.6907 | val_acc=0.6136 | lr=3.13e-05
2026-06-28 09:29:32 | INFO     | training.trainer | [price_only_h256] Early stopping at epoch 50 (no improvement for 20 epochs).
2026-06-28 09:29:32 | INFO     | training.trainer | [price_only_h256] Training complete. Best val_loss=0.6898 at epoch 31.
2026-06-28 09:29:32 | INFO     | training.experiment | DONE price_only_h256 | best_epoch=31 | val_loss=0.6898 | val_acc=0.6136 | params=836994
2026-06-28 09:29:32 | INFO     | training.experiment | =======================================================
2026-06-28 09:29:32 | INFO     | training.experiment | EXPERIMENT: text_only_h64
2026-06-28 09:29:32 | INFO     | training.experiment | =======================================================
2026-06-28 09:29:32 | INFO     | training.trainer | Starting training: text_only_h64 | device=mps | params=689282
2026-06-28 09:29:32 | INFO     | training.trainer | [text_only_h64] Epoch   1 | train_loss=0.7307 | val_loss=0.7110 | val_acc=0.3977 | lr=1.00e-03
2026-06-28 09:29:32 | INFO     | training.trainer |   ✓ New best checkpoint saved (val_loss=0.7110)
2026-06-28 09:29:32 | INFO     | training.trainer | [text_only_h64] Epoch   2 | train_loss=0.7140 | val_loss=0.6970 | val_acc=0.6136 | lr=1.00e-03
2026-06-28 09:29:32 | INFO     | training.trainer |   ✓ New best checkpoint saved (val_loss=0.6970)
2026-06-28 09:29:33 | INFO     | training.trainer | [text_only_h64] Epoch   3 | train_loss=0.6976 | val_loss=0.6942 | val_acc=0.6136 | lr=1.00e-03
2026-06-28 09:29:33 | INFO     | training.trainer |   ✓ New best checkpoint saved (val_loss=0.6942)
2026-06-28 09:29:33 | INFO     | training.trainer | [text_only_h64] Epoch   4 | train_loss=0.7074 | val_loss=0.7169 | val_acc=0.4205 | lr=1.00e-03
2026-06-28 09:29:33 | INFO     | training.trainer | [text_only_h64] Epoch   5 | train_loss=0.6964 | val_loss=0.7031 | val_acc=0.5909 | lr=1.00e-03
2026-06-28 09:29:33 | INFO     | training.trainer | [text_only_h64] Epoch   6 | train_loss=0.6871 | val_loss=0.7033 | val_acc=0.5000 | lr=1.00e-03
2026-06-28 09:29:34 | INFO     | training.trainer | [text_only_h64] Epoch   7 | train_loss=0.6988 | val_loss=0.7387 | val_acc=0.4091 | lr=1.00e-03
2026-06-28 09:29:34 | INFO     | training.trainer | [text_only_h64] Epoch   8 | train_loss=0.6879 | val_loss=0.7120 | val_acc=0.5227 | lr=1.00e-03
2026-06-28 09:29:34 | INFO     | training.trainer | [text_only_h64] Epoch   9 | train_loss=0.6773 | val_loss=0.7263 | val_acc=0.4886 | lr=1.00e-03
2026-06-28 09:29:34 | INFO     | training.trainer | [text_only_h64] Epoch  10 | train_loss=0.6797 | val_loss=0.7236 | val_acc=0.4773 | lr=5.00e-04
2026-06-28 09:29:35 | INFO     | training.trainer | [text_only_h64] Epoch  11 | train_loss=0.6700 | val_loss=0.7239 | val_acc=0.4773 | lr=5.00e-04
2026-06-28 09:29:35 | INFO     | training.trainer | [text_only_h64] Epoch  12 | train_loss=0.6723 | val_loss=0.7365 | val_acc=0.4886 | lr=5.00e-04
2026-06-28 09:29:35 | INFO     | training.trainer | [text_only_h64] Epoch  13 | train_loss=0.6605 | val_loss=0.7464 | val_acc=0.4773 | lr=5.00e-04
2026-06-28 09:29:35 | INFO     | training.trainer | [text_only_h64] Epoch  14 | train_loss=0.6597 | val_loss=0.7397 | val_acc=0.5682 | lr=5.00e-04
2026-06-28 09:29:36 | INFO     | training.trainer | [text_only_h64] Epoch  15 | train_loss=0.6638 | val_loss=0.7776 | val_acc=0.4318 | lr=5.00e-04
2026-06-28 09:29:36 | INFO     | training.trainer | [text_only_h64] Epoch  16 | train_loss=0.6732 | val_loss=0.7362 | val_acc=0.4773 | lr=2.50e-04
2026-06-28 09:29:36 | INFO     | training.trainer | [text_only_h64] Epoch  17 | train_loss=0.6575 | val_loss=0.7225 | val_acc=0.5682 | lr=2.50e-04
2026-06-28 09:29:36 | INFO     | training.trainer | [text_only_h64] Epoch  18 | train_loss=0.6609 | val_loss=0.7426 | val_acc=0.5000 | lr=2.50e-04
2026-06-28 09:29:37 | INFO     | training.trainer | [text_only_h64] Epoch  19 | train_loss=0.6503 | val_loss=0.7536 | val_acc=0.4432 | lr=2.50e-04
2026-06-28 09:29:37 | INFO     | training.trainer | [text_only_h64] Epoch  20 | train_loss=0.6529 | val_loss=0.7300 | val_acc=0.6023 | lr=2.50e-04
2026-06-28 09:29:37 | INFO     | training.trainer | [text_only_h64] Epoch  21 | train_loss=0.6538 | val_loss=0.7495 | val_acc=0.4773 | lr=2.50e-04
2026-06-28 09:29:37 | INFO     | training.trainer | [text_only_h64] Epoch  22 | train_loss=0.6475 | val_loss=0.7315 | val_acc=0.5909 | lr=1.25e-04
2026-06-28 09:29:38 | INFO     | training.trainer | [text_only_h64] Epoch  23 | train_loss=0.6438 | val_loss=0.7386 | val_acc=0.5114 | lr=1.25e-04
2026-06-28 09:29:38 | INFO     | training.trainer | [text_only_h64] Early stopping at epoch 23 (no improvement for 20 epochs).
2026-06-28 09:29:38 | INFO     | training.trainer | [text_only_h64] Training complete. Best val_loss=0.6942 at epoch 3.
2026-06-28 09:29:38 | INFO     | training.experiment | DONE text_only_h64 | best_epoch=3 | val_loss=0.6942 | val_acc=0.6136 | params=689282
2026-06-28 09:29:38 | INFO     | training.experiment | Skipping text_only h128 — text_only variant is hidden_size-independent.
2026-06-28 09:29:38 | INFO     | training.experiment | Skipping text_only h256 — text_only variant is hidden_size-independent.
2026-06-28 09:29:38 | INFO     | training.experiment | =======================================================
2026-06-28 09:29:38 | INFO     | training.experiment | EXPERIMENT: fusion_h64
2026-06-28 09:29:38 | INFO     | training.experiment | =======================================================
2026-06-28 09:29:38 | INFO     | training.trainer | Starting training: fusion_h64 | device=mps | params=750978
2026-06-28 09:29:38 | INFO     | training.trainer | [fusion_h64] Epoch   1 | train_loss=0.7597 | val_loss=0.6915 | val_acc=0.6136 | lr=1.00e-03
2026-06-28 09:29:38 | INFO     | training.trainer |   ✓ New best checkpoint saved (val_loss=0.6915)
2026-06-28 09:29:38 | INFO     | training.trainer | [fusion_h64] Epoch   2 | train_loss=0.7236 | val_loss=0.6971 | val_acc=0.6136 | lr=1.00e-03
2026-06-28 09:29:39 | INFO     | training.trainer | [fusion_h64] Epoch   3 | train_loss=0.6967 | val_loss=0.7031 | val_acc=0.6023 | lr=1.00e-03
2026-06-28 09:29:39 | INFO     | training.trainer | [fusion_h64] Epoch   4 | train_loss=0.7113 | val_loss=0.7130 | val_acc=0.4659 | lr=1.00e-03
2026-06-28 09:29:39 | INFO     | training.trainer | [fusion_h64] Epoch   5 | train_loss=0.6918 | val_loss=0.7077 | val_acc=0.5227 | lr=1.00e-03
2026-06-28 09:29:40 | INFO     | training.trainer | [fusion_h64] Epoch   6 | train_loss=0.6858 | val_loss=0.7179 | val_acc=0.4659 | lr=1.00e-03
2026-06-28 09:29:40 | INFO     | training.trainer | [fusion_h64] Epoch   7 | train_loss=0.6851 | val_loss=0.7187 | val_acc=0.4659 | lr=1.00e-03
2026-06-28 09:29:40 | INFO     | training.trainer | [fusion_h64] Epoch   8 | train_loss=0.6814 | val_loss=0.7074 | val_acc=0.5341 | lr=5.00e-04
2026-06-28 09:29:41 | INFO     | training.trainer | [fusion_h64] Epoch   9 | train_loss=0.6828 | val_loss=0.7136 | val_acc=0.4886 | lr=5.00e-04
2026-06-28 09:29:41 | INFO     | training.trainer | [fusion_h64] Epoch  10 | train_loss=0.6727 | val_loss=0.7208 | val_acc=0.5227 | lr=5.00e-04
2026-06-28 09:29:41 | INFO     | training.trainer | [fusion_h64] Epoch  11 | train_loss=0.6825 | val_loss=0.7494 | val_acc=0.4205 | lr=5.00e-04
2026-06-28 09:29:42 | INFO     | training.trainer | [fusion_h64] Epoch  12 | train_loss=0.6766 | val_loss=0.7518 | val_acc=0.4318 | lr=5.00e-04
2026-06-28 09:29:42 | INFO     | training.trainer | [fusion_h64] Epoch  13 | train_loss=0.6743 | val_loss=0.7923 | val_acc=0.4091 | lr=5.00e-04
2026-06-28 09:29:42 | INFO     | training.trainer | [fusion_h64] Epoch  14 | train_loss=0.6768 | val_loss=0.7495 | val_acc=0.4205 | lr=2.50e-04
2026-06-28 09:29:43 | INFO     | training.trainer | [fusion_h64] Epoch  15 | train_loss=0.6627 | val_loss=0.7545 | val_acc=0.4318 | lr=2.50e-04
2026-06-28 09:29:43 | INFO     | training.trainer | [fusion_h64] Epoch  16 | train_loss=0.6619 | val_loss=0.7792 | val_acc=0.3977 | lr=2.50e-04
2026-06-28 09:29:44 | INFO     | training.trainer | [fusion_h64] Epoch  17 | train_loss=0.6555 | val_loss=0.7537 | val_acc=0.4318 | lr=2.50e-04
2026-06-28 09:29:44 | INFO     | training.trainer | [fusion_h64] Epoch  18 | train_loss=0.6573 | val_loss=0.7718 | val_acc=0.4318 | lr=2.50e-04
2026-06-28 09:29:44 | INFO     | training.trainer | [fusion_h64] Epoch  19 | train_loss=0.6574 | val_loss=0.7427 | val_acc=0.5341 | lr=2.50e-04
2026-06-28 09:29:45 | INFO     | training.trainer | [fusion_h64] Epoch  20 | train_loss=0.6540 | val_loss=0.7710 | val_acc=0.3977 | lr=1.25e-04
2026-06-28 09:29:45 | INFO     | training.trainer | [fusion_h64] Epoch  21 | train_loss=0.6567 | val_loss=0.7434 | val_acc=0.5000 | lr=1.25e-04
2026-06-28 09:29:45 | INFO     | training.trainer | [fusion_h64] Early stopping at epoch 21 (no improvement for 20 epochs).
2026-06-28 09:29:45 | INFO     | training.trainer | [fusion_h64] Training complete. Best val_loss=0.6915 at epoch 1.
2026-06-28 09:29:45 | INFO     | training.experiment | DONE fusion_h64 | best_epoch=1 | val_loss=0.6915 | val_acc=0.6136 | params=750978
2026-06-28 09:29:45 | INFO     | training.experiment | =======================================================
2026-06-28 09:29:45 | INFO     | training.experiment | EXPERIMENT: fusion_h128
2026-06-28 09:29:45 | INFO     | training.experiment | =======================================================
2026-06-28 09:29:45 | INFO     | training.trainer | Starting training: fusion_h128 | device=mps | params=910978
2026-06-28 09:29:45 | INFO     | training.trainer | [fusion_h128] Epoch   1 | train_loss=0.7336 | val_loss=0.7206 | val_acc=0.3864 | lr=1.00e-03
2026-06-28 09:29:45 | INFO     | training.trainer |   ✓ New best checkpoint saved (val_loss=0.7206)
2026-06-28 09:29:46 | INFO     | training.trainer | [fusion_h128] Epoch   2 | train_loss=0.6987 | val_loss=0.6970 | val_acc=0.5114 | lr=1.00e-03
2026-06-28 09:29:46 | INFO     | training.trainer |   ✓ New best checkpoint saved (val_loss=0.6970)
2026-06-28 09:29:46 | INFO     | training.trainer | [fusion_h128] Epoch   3 | train_loss=0.7084 | val_loss=0.6925 | val_acc=0.6136 | lr=1.00e-03
2026-06-28 09:29:46 | INFO     | training.trainer |   ✓ New best checkpoint saved (val_loss=0.6925)
2026-06-28 09:29:46 | INFO     | training.trainer | [fusion_h128] Epoch   4 | train_loss=0.6939 | val_loss=0.7007 | val_acc=0.5455 | lr=1.00e-03
2026-06-28 09:29:47 | INFO     | training.trainer | [fusion_h128] Epoch   5 | train_loss=0.6954 | val_loss=0.7018 | val_acc=0.6136 | lr=1.00e-03
2026-06-28 09:29:47 | INFO     | training.trainer | [fusion_h128] Epoch   6 | train_loss=0.6941 | val_loss=0.7017 | val_acc=0.5795 | lr=1.00e-03
2026-06-28 09:29:48 | INFO     | training.trainer | [fusion_h128] Epoch   7 | train_loss=0.6863 | val_loss=0.7228 | val_acc=0.5000 | lr=1.00e-03
2026-06-28 09:29:48 | INFO     | training.trainer | [fusion_h128] Epoch   8 | train_loss=0.6923 | val_loss=0.7482 | val_acc=0.3750 | lr=1.00e-03
2026-06-28 09:29:48 | INFO     | training.trainer | [fusion_h128] Epoch   9 | train_loss=0.6784 | val_loss=0.7444 | val_acc=0.3750 | lr=1.00e-03
2026-06-28 09:29:49 | INFO     | training.trainer | [fusion_h128] Epoch  10 | train_loss=0.6752 | val_loss=0.7278 | val_acc=0.5000 | lr=5.00e-04
2026-06-28 09:29:49 | INFO     | training.trainer | [fusion_h128] Epoch  11 | train_loss=0.6732 | val_loss=0.7284 | val_acc=0.4886 | lr=5.00e-04
2026-06-28 09:29:49 | INFO     | training.trainer | [fusion_h128] Epoch  12 | train_loss=0.6696 | val_loss=0.7264 | val_acc=0.4659 | lr=5.00e-04
2026-06-28 09:29:50 | INFO     | training.trainer | [fusion_h128] Epoch  13 | train_loss=0.6619 | val_loss=0.7782 | val_acc=0.3864 | lr=5.00e-04
2026-06-28 09:29:50 | INFO     | training.trainer | [fusion_h128] Epoch  14 | train_loss=0.6655 | val_loss=0.7691 | val_acc=0.5795 | lr=5.00e-04
2026-06-28 09:29:50 | INFO     | training.trainer | [fusion_h128] Epoch  15 | train_loss=0.6610 | val_loss=0.7366 | val_acc=0.5000 | lr=5.00e-04
2026-06-28 09:29:51 | INFO     | training.trainer | [fusion_h128] Epoch  16 | train_loss=0.6518 | val_loss=0.7450 | val_acc=0.4545 | lr=2.50e-04
2026-06-28 09:29:51 | INFO     | training.trainer | [fusion_h128] Epoch  17 | train_loss=0.6535 | val_loss=0.7649 | val_acc=0.4205 | lr=2.50e-04
2026-06-28 09:29:52 | INFO     | training.trainer | [fusion_h128] Epoch  18 | train_loss=0.6564 | val_loss=0.7663 | val_acc=0.3636 | lr=2.50e-04
2026-06-28 09:29:52 | INFO     | training.trainer | [fusion_h128] Epoch  19 | train_loss=0.6452 | val_loss=0.7496 | val_acc=0.5227 | lr=2.50e-04
2026-06-28 09:29:52 | INFO     | training.trainer | [fusion_h128] Epoch  20 | train_loss=0.6403 | val_loss=0.7775 | val_acc=0.3750 | lr=2.50e-04
2026-06-28 09:29:53 | INFO     | training.trainer | [fusion_h128] Epoch  21 | train_loss=0.6337 | val_loss=0.7547 | val_acc=0.5341 | lr=2.50e-04
2026-06-28 09:29:53 | INFO     | training.trainer | [fusion_h128] Epoch  22 | train_loss=0.6408 | val_loss=0.7658 | val_acc=0.4432 | lr=1.25e-04
2026-06-28 09:29:53 | INFO     | training.trainer | [fusion_h128] Epoch  23 | train_loss=0.6401 | val_loss=0.7538 | val_acc=0.5114 | lr=1.25e-04
2026-06-28 09:29:53 | INFO     | training.trainer | [fusion_h128] Early stopping at epoch 23 (no improvement for 20 epochs).
2026-06-28 09:29:53 | INFO     | training.trainer | [fusion_h128] Training complete. Best val_loss=0.6925 at epoch 3.
2026-06-28 09:29:53 | INFO     | training.experiment | DONE fusion_h128 | best_epoch=3 | val_loss=0.6925 | val_acc=0.6136 | params=910978
2026-06-28 09:29:53 | INFO     | training.experiment | =======================================================
2026-06-28 09:29:53 | INFO     | training.experiment | EXPERIMENT: fusion_h256
2026-06-28 09:29:53 | INFO     | training.experiment | =======================================================
2026-06-28 09:29:53 | INFO     | training.trainer | Starting training: fusion_h256 | device=mps | params=1525890
2026-06-28 09:29:54 | INFO     | training.trainer | [fusion_h256] Epoch   1 | train_loss=0.7153 | val_loss=0.6909 | val_acc=0.6136 | lr=1.00e-03
2026-06-28 09:29:54 | INFO     | training.trainer |   ✓ New best checkpoint saved (val_loss=0.6909)
2026-06-28 09:29:54 | INFO     | training.trainer | [fusion_h256] Epoch   2 | train_loss=0.7064 | val_loss=0.7056 | val_acc=0.3864 | lr=1.00e-03
2026-06-28 09:29:55 | INFO     | training.trainer | [fusion_h256] Epoch   3 | train_loss=0.6955 | val_loss=0.6987 | val_acc=0.4091 | lr=1.00e-03
2026-06-28 09:29:55 | INFO     | training.trainer | [fusion_h256] Epoch   4 | train_loss=0.6927 | val_loss=0.6959 | val_acc=0.5000 | lr=1.00e-03
2026-06-28 09:29:55 | INFO     | training.trainer | [fusion_h256] Epoch   5 | train_loss=0.6963 | val_loss=0.7052 | val_acc=0.3864 | lr=1.00e-03
2026-06-28 09:29:56 | INFO     | training.trainer | [fusion_h256] Epoch   6 | train_loss=0.6904 | val_loss=0.7116 | val_acc=0.3750 | lr=1.00e-03
2026-06-28 09:29:56 | INFO     | training.trainer | [fusion_h256] Epoch   7 | train_loss=0.6895 | val_loss=0.7041 | val_acc=0.4886 | lr=1.00e-03
2026-06-28 09:29:57 | INFO     | training.trainer | [fusion_h256] Epoch   8 | train_loss=0.6893 | val_loss=0.7231 | val_acc=0.3636 | lr=5.00e-04
2026-06-28 09:29:57 | INFO     | training.trainer | [fusion_h256] Epoch   9 | train_loss=0.6775 | val_loss=0.6994 | val_acc=0.5455 | lr=5.00e-04
2026-06-28 09:29:57 | INFO     | training.trainer | [fusion_h256] Epoch  10 | train_loss=0.6857 | val_loss=0.7464 | val_acc=0.3977 | lr=5.00e-04
2026-06-28 09:29:58 | INFO     | training.trainer | [fusion_h256] Epoch  11 | train_loss=0.6779 | val_loss=0.7143 | val_acc=0.5000 | lr=5.00e-04
2026-06-28 09:29:58 | INFO     | training.trainer | [fusion_h256] Epoch  12 | train_loss=0.6853 | val_loss=0.7009 | val_acc=0.5341 | lr=5.00e-04
2026-06-28 09:29:58 | INFO     | training.trainer | [fusion_h256] Epoch  13 | train_loss=0.6824 | val_loss=0.7061 | val_acc=0.4432 | lr=5.00e-04
2026-06-28 09:29:59 | INFO     | training.trainer | [fusion_h256] Epoch  14 | train_loss=0.6754 | val_loss=0.7275 | val_acc=0.4091 | lr=2.50e-04
2026-06-28 09:29:59 | INFO     | training.trainer | [fusion_h256] Epoch  15 | train_loss=0.6768 | val_loss=0.7306 | val_acc=0.4205 | lr=2.50e-04
2026-06-28 09:30:00 | INFO     | training.trainer | [fusion_h256] Epoch  16 | train_loss=0.6692 | val_loss=0.7373 | val_acc=0.4659 | lr=2.50e-04
2026-06-28 09:30:00 | INFO     | training.trainer | [fusion_h256] Epoch  17 | train_loss=0.6736 | val_loss=0.7454 | val_acc=0.4432 | lr=2.50e-04
2026-06-28 09:30:00 | INFO     | training.trainer | [fusion_h256] Epoch  18 | train_loss=0.6715 | val_loss=0.7567 | val_acc=0.4091 | lr=2.50e-04
2026-06-28 09:30:01 | INFO     | training.trainer | [fusion_h256] Epoch  19 | train_loss=0.6634 | val_loss=0.7545 | val_acc=0.4773 | lr=2.50e-04
2026-06-28 09:30:01 | INFO     | training.trainer | [fusion_h256] Epoch  20 | train_loss=0.6623 | val_loss=0.7597 | val_acc=0.4659 | lr=1.25e-04
2026-06-28 09:30:01 | INFO     | training.trainer | [fusion_h256] Epoch  21 | train_loss=0.6629 | val_loss=0.7602 | val_acc=0.4659 | lr=1.25e-04
2026-06-28 09:30:01 | INFO     | training.trainer | [fusion_h256] Early stopping at epoch 21 (no improvement for 20 epochs).
2026-06-28 09:30:01 | INFO     | training.trainer | [fusion_h256] Training complete. Best val_loss=0.6909 at epoch 1.
2026-06-28 09:30:01 | INFO     | training.experiment | DONE fusion_h256 | best_epoch=1 | val_loss=0.6909 | val_acc=0.6136 | params=1525890
2026-06-28 09:30:02 | INFO     | training.experiment | Ablation results saved to evaluation/ablation_results.csv
